# JRE version: Java(TM) SE Runtime Environment (8.0_221-b11) (build 1.8.0_221-b11)
# Java VM: Java HotSpot(TM) 64-Bit Server VM (25.221-b11 mixed mode windows-amd64 compressed oops)
Heap:
 PSYoungGen      total 69120K, used 34323K [0x00000000d6100000, 0x00000000ddd00000, 0x0000000100000000)
  eden space 58880K, 49% used [0x00000000d6100000,0x00000000d7d80530,0x00000000d9a80000)
  from space 10240K, 50% used [0x00000000dab00000,0x00000000db0049a0,0x00000000db500000)
  to   space 16896K, 0% used [0x00000000d9a80000,0x00000000d9a80000,0x00000000dab00000)
 ParOldGen       total 57344K, used 11124K [0x0000000082200000, 0x0000000085a00000, 0x00000000d6100000)
  object space 57344K, 19% used [0x0000000082200000,0x0000000082cdd290,0x0000000085a00000)
 Metaspace       used 25444K, capacity 25966K, committed 26240K, reserved 1073152K
  class space    used 2988K, capacity 3127K, committed 3200K, reserved 1048576K
GC Heap History (10 events):
Event: 7.777 GC heap before
{Heap before GC invocations=9 (full 0):
 PSYoungGen      total 75264K, used 75233K [0x00000000d6100000, 0x00000000db600000, 0x0000000100000000)
  eden space 65024K, 100% used [0x00000000d6100000,0x00000000da080000,0x00000000da080000)
  from space 10240K, 99% used [0x00000000dab00000,0x00000000db4f87a8,0x00000000db500000)
  to   space 10752K, 0% used [0x00000000da080000,0x00000000da080000,0x00000000dab00000)
 ParOldGen       total 86016K, used 20996K [0x0000000082200000, 0x0000000087600000, 0x00000000d6100000)
  object space 86016K, 24% used [0x0000000082200000,0x00000000836813c0,0x0000000087600000)
 Metaspace       used 17872K, capacity 18290K, committed 18560K, reserved 1064960K
  class space    used 2003K, capacity 2116K, committed 2176K, reserved 1048576K
Event: 7.789 GC heap after
Heap after GC invocations=9 (full 0):
 PSYoungGen      total 75776K, used 10748K [0x00000000d6100000, 0x00000000db600000, 0x0000000100000000)
  eden space 65024K, 0% used [0x00000000d6100000,0x00000000d6100000,0x00000000da080000)
  from space 10752K, 99% used [0x00000000da080000,0x00000000daaff190,0x00000000dab00000)
  to   space 10240K, 0% used [0x00000000dab00000,0x00000000dab00000,0x00000000db500000)
 ParOldGen       total 86016K, used 23885K [0x0000000082200000, 0x0000000087600000, 0x00000000d6100000)
  object space 86016K, 27% used [0x0000000082200000,0x0000000083953588,0x0000000087600000)
 Metaspace       used 17872K, capacity 18290K, committed 18560K, reserved 1064960K
  class space    used 2003K, capacity 2116K, committed 2176K, reserved 1048576K
}
Event: 8.150 GC heap before
{Heap before GC invocations=10 (full 0):
 PSYoungGen      total 75776K, used 75772K [0x00000000d6100000, 0x00000000db600000, 0x0000000100000000)
  eden space 65024K, 100% used [0x00000000d6100000,0x00000000da080000,0x00000000da080000)
  from space 10752K, 99% used [0x00000000da080000,0x00000000daaff190,0x00000000dab00000)
  to   space 10240K, 0% used [0x00000000dab00000,0x00000000dab00000,0x00000000db500000)
 ParOldGen       total 86016K, used 23885K [0x0000000082200000, 0x0000000087600000, 0x00000000d6100000)
  object space 86016K, 27% used [0x0000000082200000,0x0000000083953588,0x0000000087600000)
 Metaspace       used 17881K, capacity 18300K, committed 18560K, reserved 1064960K
  class space    used 2005K, capacity 2118K, committed 2176K, reserved 1048576K
Event: 8.161 GC heap after
Heap after GC invocations=10 (full 0):
 PSYoungGen      total 75264K, used 10224K [0x00000000d6100000, 0x00000000db600000, 0x0000000100000000)
  eden space 65024K, 0% used [0x00000000d6100000,0x00000000d6100000,0x00000000da080000)
  from space 10240K, 99% used [0x00000000dab00000,0x00000000db4fc250,0x00000000db500000)
  to   space 10752K, 0% used [0x00000000da080000,0x00000000da080000,0x00000000dab00000)
 ParOldGen       total 86016K, used 26585K [0x0000000082200000, 0x0000000087600000, 0x00000000d6100000)
  object space 86016K, 30% used [0x0000000082200000,0x0000000083bf6450,0x0000000087600000)
 Metaspace       used 17881K, capacity 18300K, committed 18560K, reserved 1064960K
  class space    used 2005K, capacity 2118K, committed 2176K, reserved 1048576K
}
Event: 8.826 GC heap before
{Heap before GC invocations=11 (full 0):
 PSYoungGen      total 75264K, used 60251K [0x00000000d6100000, 0x00000000db600000, 0x0000000100000000)
  eden space 65024K, 76% used [0x00000000d6100000,0x00000000d91dab50,0x00000000da080000)
  from space 10240K, 99% used [0x00000000dab00000,0x00000000db4fc250,0x00000000db500000)
  to   space 10752K, 0% used [0x00000000da080000,0x00000000da080000,0x00000000dab00000)
 ParOldGen       total 86016K, used 26585K [0x0000000082200000, 0x0000000087600000, 0x00000000d6100000)
  object space 86016K, 30% used [0x0000000082200000,0x0000000083bf6450,0x0000000087600000)
 Metaspace       used 20696K, capacity 21084K, committed 21248K, reserved 1069056K
  class space    used 2368K, capacity 2484K, committed 2560K, reserved 1048576K
Event: 8.835 GC heap after
Heap after GC invocations=11 (full 0):
 PSYoungGen      total 75776K, used 4383K [0x00000000d6100000, 0x00000000db600000, 0x0000000100000000)
  eden space 65024K, 0% used [0x00000000d6100000,0x00000000d6100000,0x00000000da080000)
  from space 10752K, 40% used [0x00000000da080000,0x00000000da4c7cc0,0x00000000dab00000)
  to   space 10240K, 0% used [0x00000000dab00000,0x00000000dab00000,0x00000000db500000)
 ParOldGen       total 86016K, used 27257K [0x0000000082200000, 0x0000000087600000, 0x00000000d6100000)
  object space 86016K, 31% used [0x0000000082200000,0x0000000083c9e460,0x0000000087600000)
 Metaspace       used 20696K, capacity 21084K, committed 21248K, reserved 1069056K
  class space    used 2368K, capacity 2484K, committed 2560K, reserved 1048576K
}
Event: 8.836 GC heap before
{Heap before GC invocations=12 (full 1):
 PSYoungGen      total 75776K, used 4383K [0x00000000d6100000, 0x00000000db600000, 0x0000000100000000)
  eden space 65024K, 0% used [0x00000000d6100000,0x00000000d6100000,0x00000000da080000)
  from space 10752K, 40% used [0x00000000da080000,0x00000000da4c7cc0,0x00000000dab00000)
  to   space 10240K, 0% used [0x00000000dab00000,0x00000000dab00000,0x00000000db500000)
 ParOldGen       total 86016K, used 27257K [0x0000000082200000, 0x0000000087600000, 0x00000000d6100000)
  object space 86016K, 31% used [0x0000000082200000,0x0000000083c9e460,0x0000000087600000)
 Metaspace       used 20696K, capacity 21084K, committed 21248K, reserved 1069056K
  class space    used 2368K, capacity 2484K, committed 2560K, reserved 1048576K
Event: 8.909 GC heap after
Heap after GC invocations=12 (full 1):
 PSYoungGen      total 75776K, used 0K [0x00000000d6100000, 0x00000000db600000, 0x0000000100000000)
  eden space 65024K, 0% used [0x00000000d6100000,0x00000000d6100000,0x00000000da080000)
  from space 10752K, 0% used [0x00000000da080000,0x00000000da080000,0x00000000dab00000)
  to   space 10240K, 0% used [0x00000000dab00000,0x00000000dab00000,0x00000000db500000)
 ParOldGen       total 57344K, used 11116K [0x0000000082200000, 0x0000000085a00000, 0x00000000d6100000)
  object space 57344K, 19% used [0x0000000082200000,0x0000000082cdb290,0x0000000085a00000)
 Metaspace       used 20696K, capacity 21084K, committed 21248K, reserved 1069056K
  class space    used 2368K, capacity 2484K, committed 2560K, reserved 1048576K
}
Event: 10.005 GC heap before
{Heap before GC invocations=13 (full 1):
 PSYoungGen      total 75776K, used 65024K [0x00000000d6100000, 0x00000000db600000, 0x0000000100000000)
  eden space 65024K, 100% used [0x00000000d6100000,0x00000000da080000,0x00000000da080000)
  from space 10752K, 0% used [0x00000000da080000,0x00000000da080000,0x00000000dab00000)
  to   space 10240K, 0% used [0x00000000dab00000,0x00000000dab00000,0x00000000db500000)
 ParOldGen       total 57344K, used 11116K [0x0000000082200000, 0x0000000085a00000, 0x00000000d6100000)
  object space 57344K, 19% used [0x0000000082200000,0x0000000082cdb290,0x0000000085a00000)
 Metaspace       used 24889K, capacity 25378K, committed 25600K, reserved 1071104K
  class space    used 2909K, capacity 3061K, committed 3072K, reserved 1048576K
Event: 10.011 GC heap after
Heap after GC invocations=13 (full 1):
 PSYoungGen      total 69120K, used 5138K [0x00000000d6100000, 0x00000000ddd00000, 0x0000000100000000)
  eden space 58880K, 0% used [0x00000000d6100000,0x00000000d6100000,0x00000000d9a80000)
  from space 10240K, 50% used [0x00000000dab00000,0x00000000db0049a0,0x00000000db500000)
  to   space 16896K, 0% used [0x00000000d9a80000,0x00000000d9a80000,0x00000000dab00000)
 ParOldGen       total 57344K, used 11124K [0x0000000082200000, 0x0000000085a00000, 0x00000000d6100000)
  object space 57344K, 19% used [0x0000000082200000,0x0000000082cdd290,0x0000000085a00000)
 Metaspace       used 24889K, capacity 25378K, committed 25600K, reserved 1071104K
  class space    used 2909K, capacity 3061K, committed 3072K, reserved 1048576K
}

