# JRE version: Java(TM) SE Runtime Environment (8.0_221-b11) (build 1.8.0_221-b11)
# Java VM: Java HotSpot(TM) 64-Bit Server VM (25.221-b11 mixed mode windows-amd64 compressed oops)
Heap:
 PSYoungGen      total 37888K, used 8304K [0x00000000d6100000, 0x00000000d8b00000, 0x0000000100000000)
  eden space 32768K, 9% used [0x00000000d6100000,0x00000000d6420b10,0x00000000d8100000)
  from space 5120K, 99% used [0x00000000d8100000,0x00000000d85fb7d8,0x00000000d8600000)
  to   space 5120K, 0% used [0x00000000d8600000,0x00000000d8600000,0x00000000d8b00000)
 ParOldGen       total 86016K, used 28118K [0x0000000082200000, 0x0000000087600000, 0x00000000d6100000)
  object space 86016K, 32% used [0x0000000082200000,0x0000000083d758b8,0x0000000087600000)
 Metaspace       used 17860K, capacity 18290K, committed 18560K, reserved 1064960K
  class space    used 2005K, capacity 2116K, committed 2176K, reserved 1048576K
GC Heap History (10 events):
Event: 5.703 GC heap before
{Heap before GC invocations=5 (full 0):
 PSYoungGen      total 37888K, used 37861K [0x00000000d6100000, 0x00000000d8b00000, 0x0000000100000000)
  eden space 32768K, 100% used [0x00000000d6100000,0x00000000d8100000,0x00000000d8100000)
  from space 5120K, 99% used [0x00000000d8600000,0x00000000d8af94a8,0x00000000d8b00000)
  to   space 5120K, 0% used [0x00000000d8100000,0x00000000d8100000,0x00000000d8600000)
 ParOldGen       total 86016K, used 10352K [0x0000000082200000, 0x0000000087600000, 0x00000000d6100000)
  object space 86016K, 12% used [0x0000000082200000,0x0000000082c1c2d8,0x0000000087600000)
 Metaspace       used 17832K, capacity 18226K, committed 18560K, reserved 1064960K
  class space    used 2005K, capacity 2116K, committed 2176K, reserved 1048576K
Event: 5.712 GC heap after
Heap after GC invocations=5 (full 0):
 PSYoungGen      total 37888K, used 5115K [0x00000000d6100000, 0x00000000d8b00000, 0x0000000100000000)
  eden space 32768K, 0% used [0x00000000d6100000,0x00000000d6100000,0x00000000d8100000)
  from space 5120K, 99% used [0x00000000d8100000,0x00000000d85feca8,0x00000000d8600000)
  to   space 5120K, 0% used [0x00000000d8600000,0x00000000d8600000,0x00000000d8b00000)
 ParOldGen       total 86016K, used 14210K [0x0000000082200000, 0x0000000087600000, 0x00000000d6100000)
  object space 86016K, 16% used [0x0000000082200000,0x0000000082fe0ba0,0x0000000087600000)
 Metaspace       used 17832K, capacity 18226K, committed 18560K, reserved 1064960K
  class space    used 2005K, capacity 2116K, committed 2176K, reserved 1048576K
}
Event: 5.893 GC heap before
{Heap before GC invocations=6 (full 0):
 PSYoungGen      total 37888K, used 37883K [0x00000000d6100000, 0x00000000d8b00000, 0x0000000100000000)
  eden space 32768K, 100% used [0x00000000d6100000,0x00000000d8100000,0x00000000d8100000)
  from space 5120K, 99% used [0x00000000d8100000,0x00000000d85feca8,0x00000000d8600000)
  to   space 5120K, 0% used [0x00000000d8600000,0x00000000d8600000,0x00000000d8b00000)
 ParOldGen       total 86016K, used 14210K [0x0000000082200000, 0x0000000087600000, 0x00000000d6100000)
  object space 86016K, 16% used [0x0000000082200000,0x0000000082fe0ba0,0x0000000087600000)
 Metaspace       used 17851K, capacity 18226K, committed 18560K, reserved 1064960K
  class space    used 2005K, capacity 2116K, committed 2176K, reserved 1048576K
Event: 5.903 GC heap after
Heap after GC invocations=6 (full 0):
 PSYoungGen      total 37888K, used 5099K [0x00000000d6100000, 0x00000000d8b00000, 0x0000000100000000)
  eden space 32768K, 0% used [0x00000000d6100000,0x00000000d6100000,0x00000000d8100000)
  from space 5120K, 99% used [0x00000000d8600000,0x00000000d8afac98,0x00000000d8b00000)
  to   space 5120K, 0% used [0x00000000d8100000,0x00000000d8100000,0x00000000d8600000)
 ParOldGen       total 86016K, used 19010K [0x0000000082200000, 0x0000000087600000, 0x00000000d6100000)
  object space 86016K, 22% used [0x0000000082200000,0x0000000083490920,0x0000000087600000)
 Metaspace       used 17851K, capacity 18226K, committed 18560K, reserved 1064960K
  class space    used 2005K, capacity 2116K, committed 2176K, reserved 1048576K
}
Event: 6.111 GC heap before
{Heap before GC invocations=7 (full 0):
 PSYoungGen      total 37888K, used 37867K [0x00000000d6100000, 0x00000000d8b00000, 0x0000000100000000)
  eden space 32768K, 100% used [0x00000000d6100000,0x00000000d8100000,0x00000000d8100000)
  from space 5120K, 99% used [0x00000000d8600000,0x00000000d8afac98,0x00000000d8b00000)
  to   space 5120K, 0% used [0x00000000d8100000,0x00000000d8100000,0x00000000d8600000)
 ParOldGen       total 86016K, used 19010K [0x0000000082200000, 0x0000000087600000, 0x00000000d6100000)
  object space 86016K, 22% used [0x0000000082200000,0x0000000083490920,0x0000000087600000)
 Metaspace       used 17858K, capacity 18290K, committed 18560K, reserved 1064960K
  class space    used 2005K, capacity 2116K, committed 2176K, reserved 1048576K
Event: 6.121 GC heap after
Heap after GC invocations=7 (full 0):
 PSYoungGen      total 37888K, used 5095K [0x00000000d6100000, 0x00000000d8b00000, 0x0000000100000000)
  eden space 32768K, 0% used [0x00000000d6100000,0x00000000d6100000,0x00000000d8100000)
  from space 5120K, 99% used [0x00000000d8100000,0x00000000d85f9d40,0x00000000d8600000)
  to   space 5120K, 0% used [0x00000000d8600000,0x00000000d8600000,0x00000000d8b00000)
 ParOldGen       total 86016K, used 23530K [0x0000000082200000, 0x0000000087600000, 0x00000000d6100000)
  object space 86016K, 27% used [0x0000000082200000,0x00000000838fa810,0x0000000087600000)
 Metaspace       used 17858K, capacity 18290K, committed 18560K, reserved 1064960K
  class space    used 2005K, capacity 2116K, committed 2176K, reserved 1048576K
}
Event: 6.360 GC heap before
{Heap before GC invocations=8 (full 0):
 PSYoungGen      total 37888K, used 37863K [0x00000000d6100000, 0x00000000d8b00000, 0x0000000100000000)
  eden space 32768K, 100% used [0x00000000d6100000,0x00000000d8100000,0x00000000d8100000)
  from space 5120K, 99% used [0x00000000d8100000,0x00000000d85f9d40,0x00000000d8600000)
  to   space 5120K, 0% used [0x00000000d8600000,0x00000000d8600000,0x00000000d8b00000)
 ParOldGen       total 86016K, used 23530K [0x0000000082200000, 0x0000000087600000, 0x00000000d6100000)
  object space 86016K, 27% used [0x0000000082200000,0x00000000838fa810,0x0000000087600000)
 Metaspace       used 17860K, capacity 18290K, committed 18560K, reserved 1064960K
  class space    used 2005K, capacity 2116K, committed 2176K, reserved 1048576K
Event: 6.368 GC heap after
Heap after GC invocations=8 (full 0):
 PSYoungGen      total 37888K, used 5114K [0x00000000d6100000, 0x00000000d8b00000, 0x0000000100000000)
  eden space 32768K, 0% used [0x00000000d6100000,0x00000000d6100000,0x00000000d8100000)
  from space 5120K, 99% used [0x00000000d8600000,0x00000000d8afe9f0,0x00000000d8b00000)
  to   space 5120K, 0% used [0x00000000d8100000,0x00000000d8100000,0x00000000d8600000)
 ParOldGen       total 86016K, used 25995K [0x0000000082200000, 0x0000000087600000, 0x00000000d6100000)
  object space 86016K, 30% used [0x0000000082200000,0x0000000083b62fa0,0x0000000087600000)
 Metaspace       used 17860K, capacity 18290K, committed 18560K, reserved 1064960K
  class space    used 2005K, capacity 2116K, committed 2176K, reserved 1048576K
}
Event: 6.514 GC heap before
{Heap before GC invocations=9 (full 0):
 PSYoungGen      total 37888K, used 37882K [0x00000000d6100000, 0x00000000d8b00000, 0x0000000100000000)
  eden space 32768K, 100% used [0x00000000d6100000,0x00000000d8100000,0x00000000d8100000)
  from space 5120K, 99% used [0x00000000d8600000,0x00000000d8afe9f0,0x00000000d8b00000)
  to   space 5120K, 0% used [0x00000000d8100000,0x00000000d8100000,0x00000000d8600000)
 ParOldGen       total 86016K, used 25995K [0x0000000082200000, 0x0000000087600000, 0x00000000d6100000)
  object space 86016K, 30% used [0x0000000082200000,0x0000000083b62fa0,0x0000000087600000)
 Metaspace       used 17860K, capacity 18290K, committed 18560K, reserved 1064960K
  class space    used 2005K, capacity 2116K, committed 2176K, reserved 1048576K
Event: 6.522 GC heap after
Heap after GC invocations=9 (full 0):
 PSYoungGen      total 37888K, used 5101K [0x00000000d6100000, 0x00000000d8b00000, 0x0000000100000000)
  eden space 32768K, 0% used [0x00000000d6100000,0x00000000d6100000,0x00000000d8100000)
  from space 5120K, 99% used [0x00000000d8100000,0x00000000d85fb7d8,0x00000000d8600000)
  to   space 5120K, 0% used [0x00000000d8600000,0x00000000d8600000,0x00000000d8b00000)
 ParOldGen       total 86016K, used 28118K [0x0000000082200000, 0x0000000087600000, 0x00000000d6100000)
  object space 86016K, 32% used [0x0000000082200000,0x0000000083d758b8,0x0000000087600000)
 Metaspace       used 17860K, capacity 18290K, committed 18560K, reserved 1064960K
  class space    used 2005K, capacity 2116K, committed 2176K, reserved 1048576K
}

