# JRE version: Java(TM) SE Runtime Environment (8.0_221-b11) (build 1.8.0_221-b11)
# Java VM: Java HotSpot(TM) 64-Bit Server VM (25.221-b11 mixed mode windows-amd64 compressed oops)
Heap:
 PSYoungGen      total 37888K, used 7663K [0x00000000d6100000, 0x00000000d8b00000, 0x0000000100000000)
  eden space 32768K, 7% used [0x00000000d6100000,0x00000000d6382b70,0x00000000d8100000)
  from space 5120K, 99% used [0x00000000d8100000,0x00000000d85f9340,0x00000000d8600000)
  to   space 5120K, 0% used [0x00000000d8600000,0x00000000d8600000,0x00000000d8b00000)
 ParOldGen       total 86016K, used 28861K [0x0000000082200000, 0x0000000087600000, 0x00000000d6100000)
  object space 86016K, 33% used [0x0000000082200000,0x0000000083e2f678,0x0000000087600000)
 Metaspace       used 17848K, capacity 18290K, committed 18560K, reserved 1064960K
  class space    used 2004K, capacity 2116K, committed 2176K, reserved 1048576K
GC Heap History (10 events):
Event: 4.942 GC heap before
{Heap before GC invocations=5 (full 0):
 PSYoungGen      total 37888K, used 37883K [0x00000000d6100000, 0x00000000d8b00000, 0x0000000100000000)
  eden space 32768K, 100% used [0x00000000d6100000,0x00000000d8100000,0x00000000d8100000)
  from space 5120K, 99% used [0x00000000d8600000,0x00000000d8afeca8,0x00000000d8b00000)
  to   space 5120K, 0% used [0x00000000d8100000,0x00000000d8100000,0x00000000d8600000)
 ParOldGen       total 86016K, used 10491K [0x0000000082200000, 0x0000000087600000, 0x00000000d6100000)
  object space 86016K, 12% used [0x0000000082200000,0x0000000082c3eed0,0x0000000087600000)
 Metaspace       used 17810K, capacity 18158K, committed 18304K, reserved 1064960K
  class space    used 2003K, capacity 2116K, committed 2176K, reserved 1048576K
Event: 4.954 GC heap after
Heap after GC invocations=5 (full 0):
 PSYoungGen      total 37888K, used 5099K [0x00000000d6100000, 0x00000000d8b00000, 0x0000000100000000)
  eden space 32768K, 0% used [0x00000000d6100000,0x00000000d6100000,0x00000000d8100000)
  from space 5120K, 99% used [0x00000000d8100000,0x00000000d85facb8,0x00000000d8600000)
  to   space 5120K, 0% used [0x00000000d8600000,0x00000000d8600000,0x00000000d8b00000)
 ParOldGen       total 86016K, used 14971K [0x0000000082200000, 0x0000000087600000, 0x00000000d6100000)
  object space 86016K, 17% used [0x0000000082200000,0x000000008309eec0,0x0000000087600000)
 Metaspace       used 17810K, capacity 18158K, committed 18304K, reserved 1064960K
  class space    used 2003K, capacity 2116K, committed 2176K, reserved 1048576K
}
Event: 5.071 GC heap before
{Heap before GC invocations=6 (full 0):
 PSYoungGen      total 37888K, used 37867K [0x00000000d6100000, 0x00000000d8b00000, 0x0000000100000000)
  eden space 32768K, 100% used [0x00000000d6100000,0x00000000d8100000,0x00000000d8100000)
  from space 5120K, 99% used [0x00000000d8100000,0x00000000d85facb8,0x00000000d8600000)
  to   space 5120K, 0% used [0x00000000d8600000,0x00000000d8600000,0x00000000d8b00000)
 ParOldGen       total 86016K, used 14971K [0x0000000082200000, 0x0000000087600000, 0x00000000d6100000)
  object space 86016K, 17% used [0x0000000082200000,0x000000008309eec0,0x0000000087600000)
 Metaspace       used 17813K, capacity 18158K, committed 18304K, reserved 1064960K
  class space    used 2003K, capacity 2116K, committed 2176K, reserved 1048576K
Event: 5.083 GC heap after
Heap after GC invocations=6 (full 0):
 PSYoungGen      total 37888K, used 5099K [0x00000000d6100000, 0x00000000d8b00000, 0x0000000100000000)
  eden space 32768K, 0% used [0x00000000d6100000,0x00000000d6100000,0x00000000d8100000)
  from space 5120K, 99% used [0x00000000d8600000,0x00000000d8afac98,0x00000000d8b00000)
  to   space 5120K, 0% used [0x00000000d8100000,0x00000000d8100000,0x00000000d8600000)
 ParOldGen       total 86016K, used 20852K [0x0000000082200000, 0x0000000087600000, 0x00000000d6100000)
  object space 86016K, 24% used [0x0000000082200000,0x000000008365d0f8,0x0000000087600000)
 Metaspace       used 17813K, capacity 18158K, committed 18304K, reserved 1064960K
  class space    used 2003K, capacity 2116K, committed 2176K, reserved 1048576K
}
Event: 5.221 GC heap before
{Heap before GC invocations=7 (full 0):
 PSYoungGen      total 37888K, used 37867K [0x00000000d6100000, 0x00000000d8b00000, 0x0000000100000000)
  eden space 32768K, 100% used [0x00000000d6100000,0x00000000d8100000,0x00000000d8100000)
  from space 5120K, 99% used [0x00000000d8600000,0x00000000d8afac98,0x00000000d8b00000)
  to   space 5120K, 0% used [0x00000000d8100000,0x00000000d8100000,0x00000000d8600000)
 ParOldGen       total 86016K, used 20852K [0x0000000082200000, 0x0000000087600000, 0x00000000d6100000)
  object space 86016K, 24% used [0x0000000082200000,0x000000008365d0f8,0x0000000087600000)
 Metaspace       used 17819K, capacity 18222K, committed 18560K, reserved 1064960K
  class space    used 2003K, capacity 2116K, committed 2176K, reserved 1048576K
Event: 5.232 GC heap after
Heap after GC invocations=7 (full 0):
 PSYoungGen      total 37888K, used 5097K [0x00000000d6100000, 0x00000000d8b00000, 0x0000000100000000)
  eden space 32768K, 0% used [0x00000000d6100000,0x00000000d6100000,0x00000000d8100000)
  from space 5120K, 99% used [0x00000000d8100000,0x00000000d85fa7c8,0x00000000d8600000)
  to   space 5120K, 0% used [0x00000000d8600000,0x00000000d8600000,0x00000000d8b00000)
 ParOldGen       total 86016K, used 26394K [0x0000000082200000, 0x0000000087600000, 0x00000000d6100000)
  object space 86016K, 30% used [0x0000000082200000,0x0000000083bc6ac0,0x0000000087600000)
 Metaspace       used 17819K, capacity 18222K, committed 18560K, reserved 1064960K
  class space    used 2003K, capacity 2116K, committed 2176K, reserved 1048576K
}
Event: 5.442 GC heap before
{Heap before GC invocations=8 (full 0):
 PSYoungGen      total 37888K, used 37865K [0x00000000d6100000, 0x00000000d8b00000, 0x0000000100000000)
  eden space 32768K, 100% used [0x00000000d6100000,0x00000000d8100000,0x00000000d8100000)
  from space 5120K, 99% used [0x00000000d8100000,0x00000000d85fa7c8,0x00000000d8600000)
  to   space 5120K, 0% used [0x00000000d8600000,0x00000000d8600000,0x00000000d8b00000)
 ParOldGen       total 86016K, used 26394K [0x0000000082200000, 0x0000000087600000, 0x00000000d6100000)
  object space 86016K, 30% used [0x0000000082200000,0x0000000083bc6ac0,0x0000000087600000)
 Metaspace       used 17845K, capacity 18290K, committed 18560K, reserved 1064960K
  class space    used 2004K, capacity 2116K, committed 2176K, reserved 1048576K
Event: 5.450 GC heap after
Heap after GC invocations=8 (full 0):
 PSYoungGen      total 37888K, used 4963K [0x00000000d6100000, 0x00000000d8b00000, 0x0000000100000000)
  eden space 32768K, 0% used [0x00000000d6100000,0x00000000d6100000,0x00000000d8100000)
  from space 5120K, 96% used [0x00000000d8600000,0x00000000d8ad8fa0,0x00000000d8b00000)
  to   space 5120K, 0% used [0x00000000d8100000,0x00000000d8100000,0x00000000d8600000)
 ParOldGen       total 86016K, used 27397K [0x0000000082200000, 0x0000000087600000, 0x00000000d6100000)
  object space 86016K, 31% used [0x0000000082200000,0x0000000083cc15b0,0x0000000087600000)
 Metaspace       used 17845K, capacity 18290K, committed 18560K, reserved 1064960K
  class space    used 2004K, capacity 2116K, committed 2176K, reserved 1048576K
}
Event: 5.663 GC heap before
{Heap before GC invocations=9 (full 0):
 PSYoungGen      total 37888K, used 37731K [0x00000000d6100000, 0x00000000d8b00000, 0x0000000100000000)
  eden space 32768K, 100% used [0x00000000d6100000,0x00000000d8100000,0x00000000d8100000)
  from space 5120K, 96% used [0x00000000d8600000,0x00000000d8ad8fa0,0x00000000d8b00000)
  to   space 5120K, 0% used [0x00000000d8100000,0x00000000d8100000,0x00000000d8600000)
 ParOldGen       total 86016K, used 27397K [0x0000000082200000, 0x0000000087600000, 0x00000000d6100000)
  object space 86016K, 31% used [0x0000000082200000,0x0000000083cc15b0,0x0000000087600000)
 Metaspace       used 17848K, capacity 18290K, committed 18560K, reserved 1064960K
  class space    used 2004K, capacity 2116K, committed 2176K, reserved 1048576K
Event: 5.669 GC heap after
Heap after GC invocations=9 (full 0):
 PSYoungGen      total 37888K, used 5092K [0x00000000d6100000, 0x00000000d8b00000, 0x0000000100000000)
  eden space 32768K, 0% used [0x00000000d6100000,0x00000000d6100000,0x00000000d8100000)
  from space 5120K, 99% used [0x00000000d8100000,0x00000000d85f9340,0x00000000d8600000)
  to   space 5120K, 0% used [0x00000000d8600000,0x00000000d8600000,0x00000000d8b00000)
 ParOldGen       total 86016K, used 28861K [0x0000000082200000, 0x0000000087600000, 0x00000000d6100000)
  object space 86016K, 33% used [0x0000000082200000,0x0000000083e2f678,0x0000000087600000)
 Metaspace       used 17848K, capacity 18290K, committed 18560K, reserved 1064960K
  class space    used 2004K, capacity 2116K, committed 2176K, reserved 1048576K
}

