# JRE version: Java(TM) SE Runtime Environment (8.0_221-b11) (build 1.8.0_221-b11)
# Java VM: Java HotSpot(TM) 64-Bit Server VM (25.221-b11 mixed mode windows-amd64 compressed oops)
Heap:
 PSYoungGen      total 70656K, used 7671K [0x00000000d6100000, 0x00000000dab00000, 0x0000000100000000)
  eden space 65536K, 3% used [0x00000000d6100000,0x00000000d6382b20,0x00000000da100000)
  from space 5120K, 99% used [0x00000000da100000,0x00000000da5fb170,0x00000000da600000)
  to   space 5120K, 0% used [0x00000000da600000,0x00000000da600000,0x00000000dab00000)
 ParOldGen       total 65024K, used 10797K [0x0000000082200000, 0x0000000086180000, 0x00000000d6100000)
  object space 65024K, 16% used [0x0000000082200000,0x0000000082c8b478,0x0000000086180000)
 Metaspace       used 24936K, capacity 25378K, committed 25600K, reserved 1071104K
  class space    used 2928K, capacity 3061K, committed 3072K, reserved 1048576K
GC Heap History (10 events):
Event: 4.959 GC heap before
{Heap before GC invocations=7 (full 0):
 PSYoungGen      total 70656K, used 70651K [0x00000000d6100000, 0x00000000dab00000, 0x0000000100000000)
  eden space 65536K, 100% used [0x00000000d6100000,0x00000000da100000,0x00000000da100000)
  from space 5120K, 99% used [0x00000000da600000,0x00000000daafeca8,0x00000000dab00000)
  to   space 5120K, 0% used [0x00000000da100000,0x00000000da100000,0x00000000da600000)
 ParOldGen       total 86016K, used 29796K [0x0000000082200000, 0x0000000087600000, 0x00000000d6100000)
  object space 86016K, 34% used [0x0000000082200000,0x0000000083f193a0,0x0000000087600000)
 Metaspace       used 17865K, capacity 18300K, committed 18560K, reserved 1064960K
  class space    used 2007K, capacity 2118K, committed 2176K, reserved 1048576K
Event: 4.983 GC heap after
Heap after GC invocations=7 (full 0):
 PSYoungGen      total 70656K, used 5102K [0x00000000d6100000, 0x00000000dab00000, 0x0000000100000000)
  eden space 65536K, 0% used [0x00000000d6100000,0x00000000d6100000,0x00000000da100000)
  from space 5120K, 99% used [0x00000000da100000,0x00000000da5fbaf0,0x00000000da600000)
  to   space 5120K, 0% used [0x00000000da600000,0x00000000da600000,0x00000000dab00000)
 ParOldGen       total 86016K, used 38502K [0x0000000082200000, 0x0000000087600000, 0x00000000d6100000)
  object space 86016K, 44% used [0x0000000082200000,0x00000000847999d0,0x0000000087600000)
 Metaspace       used 17865K, capacity 18300K, committed 18560K, reserved 1064960K
  class space    used 2007K, capacity 2118K, committed 2176K, reserved 1048576K
}
Event: 5.306 GC heap before
{Heap before GC invocations=8 (full 0):
 PSYoungGen      total 70656K, used 70638K [0x00000000d6100000, 0x00000000dab00000, 0x0000000100000000)
  eden space 65536K, 100% used [0x00000000d6100000,0x00000000da100000,0x00000000da100000)
  from space 5120K, 99% used [0x00000000da100000,0x00000000da5fbaf0,0x00000000da600000)
  to   space 5120K, 0% used [0x00000000da600000,0x00000000da600000,0x00000000dab00000)
 ParOldGen       total 86016K, used 38502K [0x0000000082200000, 0x0000000087600000, 0x00000000d6100000)
  object space 86016K, 44% used [0x0000000082200000,0x00000000847999d0,0x0000000087600000)
 Metaspace       used 17878K, capacity 18300K, committed 18560K, reserved 1064960K
  class space    used 2007K, capacity 2118K, committed 2176K, reserved 1048576K
Event: 5.320 GC heap after
Heap after GC invocations=8 (full 0):
 PSYoungGen      total 70656K, used 5096K [0x00000000d6100000, 0x00000000dab00000, 0x0000000100000000)
  eden space 65536K, 0% used [0x00000000d6100000,0x00000000d6100000,0x00000000da100000)
  from space 5120K, 99% used [0x00000000da600000,0x00000000daafa368,0x00000000dab00000)
  to   space 5120K, 0% used [0x00000000da100000,0x00000000da100000,0x00000000da600000)
 ParOldGen       total 86016K, used 46225K [0x0000000082200000, 0x0000000087600000, 0x00000000d6100000)
  object space 86016K, 53% used [0x0000000082200000,0x0000000084f246d0,0x0000000087600000)
 Metaspace       used 17878K, capacity 18300K, committed 18560K, reserved 1064960K
  class space    used 2007K, capacity 2118K, committed 2176K, reserved 1048576K
}
Event: 5.628 GC heap before
{Heap before GC invocations=9 (full 0):
 PSYoungGen      total 70656K, used 70632K [0x00000000d6100000, 0x00000000dab00000, 0x0000000100000000)
  eden space 65536K, 100% used [0x00000000d6100000,0x00000000da100000,0x00000000da100000)
  from space 5120K, 99% used [0x00000000da600000,0x00000000daafa368,0x00000000dab00000)
  to   space 5120K, 0% used [0x00000000da100000,0x00000000da100000,0x00000000da600000)
 ParOldGen       total 86016K, used 46225K [0x0000000082200000, 0x0000000087600000, 0x00000000d6100000)
  object space 86016K, 53% used [0x0000000082200000,0x0000000084f246d0,0x0000000087600000)
 Metaspace       used 17882K, capacity 18300K, committed 18560K, reserved 1064960K
  class space    used 2007K, capacity 2118K, committed 2176K, reserved 1048576K
Event: 5.642 GC heap after
Heap after GC invocations=9 (full 0):
 PSYoungGen      total 70656K, used 5118K [0x00000000d6100000, 0x00000000dab00000, 0x0000000100000000)
  eden space 65536K, 0% used [0x00000000d6100000,0x00000000d6100000,0x00000000da100000)
  from space 5120K, 99% used [0x00000000da100000,0x00000000da5ff990,0x00000000da600000)
  to   space 5120K, 0% used [0x00000000da600000,0x00000000da600000,0x00000000dab00000)
 ParOldGen       total 86016K, used 53543K [0x0000000082200000, 0x0000000087600000, 0x00000000d6100000)
  object space 86016K, 62% used [0x0000000082200000,0x0000000085649c48,0x0000000087600000)
 Metaspace       used 17882K, capacity 18300K, committed 18560K, reserved 1064960K
  class space    used 2007K, capacity 2118K, committed 2176K, reserved 1048576K
}
Event: 6.210 GC heap before
{Heap before GC invocations=10 (full 0):
 PSYoungGen      total 70656K, used 49077K [0x00000000d6100000, 0x00000000dab00000, 0x0000000100000000)
  eden space 65536K, 67% used [0x00000000d6100000,0x00000000d8bedb08,0x00000000da100000)
  from space 5120K, 99% used [0x00000000da100000,0x00000000da5ff990,0x00000000da600000)
  to   space 5120K, 0% used [0x00000000da600000,0x00000000da600000,0x00000000dab00000)
 ParOldGen       total 86016K, used 53543K [0x0000000082200000, 0x0000000087600000, 0x00000000d6100000)
  object space 86016K, 62% used [0x0000000082200000,0x0000000085649c48,0x0000000087600000)
 Metaspace       used 20701K, capacity 21084K, committed 21248K, reserved 1069056K
  class space    used 2372K, capacity 2484K, committed 2560K, reserved 1048576K
Event: 6.217 GC heap after
Heap after GC invocations=10 (full 0):
 PSYoungGen      total 70656K, used 4217K [0x00000000d6100000, 0x00000000dab00000, 0x0000000100000000)
  eden space 65536K, 0% used [0x00000000d6100000,0x00000000d6100000,0x00000000da100000)
  from space 5120K, 82% used [0x00000000da600000,0x00000000daa1e630,0x00000000dab00000)
  to   space 5120K, 0% used [0x00000000da100000,0x00000000da100000,0x00000000da600000)
 ParOldGen       total 86016K, used 54031K [0x0000000082200000, 0x0000000087600000, 0x00000000d6100000)
  object space 86016K, 62% used [0x0000000082200000,0x00000000856c3c58,0x0000000087600000)
 Metaspace       used 20701K, capacity 21084K, committed 21248K, reserved 1069056K
  class space    used 2372K, capacity 2484K, committed 2560K, reserved 1048576K
}
Event: 6.217 GC heap before
{Heap before GC invocations=11 (full 1):
 PSYoungGen      total 70656K, used 4217K [0x00000000d6100000, 0x00000000dab00000, 0x0000000100000000)
  eden space 65536K, 0% used [0x00000000d6100000,0x00000000d6100000,0x00000000da100000)
  from space 5120K, 82% used [0x00000000da600000,0x00000000daa1e630,0x00000000dab00000)
  to   space 5120K, 0% used [0x00000000da100000,0x00000000da100000,0x00000000da600000)
 ParOldGen       total 86016K, used 54031K [0x0000000082200000, 0x0000000087600000, 0x00000000d6100000)
  object space 86016K, 62% used [0x0000000082200000,0x00000000856c3c58,0x0000000087600000)
 Metaspace       used 20701K, capacity 21084K, committed 21248K, reserved 1069056K
  class space    used 2372K, capacity 2484K, committed 2560K, reserved 1048576K
Event: 6.288 GC heap after
Heap after GC invocations=11 (full 1):
 PSYoungGen      total 70656K, used 0K [0x00000000d6100000, 0x00000000dab00000, 0x0000000100000000)
  eden space 65536K, 0% used [0x00000000d6100000,0x00000000d6100000,0x00000000da100000)
  from space 5120K, 0% used [0x00000000da600000,0x00000000da600000,0x00000000dab00000)
  to   space 5120K, 0% used [0x00000000da100000,0x00000000da100000,0x00000000da600000)
 ParOldGen       total 65024K, used 10757K [0x0000000082200000, 0x0000000086180000, 0x00000000d6100000)
  object space 65024K, 16% used [0x0000000082200000,0x0000000082c81478,0x0000000086180000)
 Metaspace       used 20701K, capacity 21084K, committed 21248K, reserved 1069056K
  class space    used 2372K, capacity 2484K, committed 2560K, reserved 1048576K
}

