# JRE version: Java(TM) SE Runtime Environment (8.0_221-b11) (build 1.8.0_221-b11)
# Java VM: Java HotSpot(TM) 64-Bit Server VM (25.221-b11 mixed mode windows-amd64 compressed oops)
Heap:
 PSYoungGen      total 76288K, used 36511K [0x00000000d6100000, 0x00000000dd680000, 0x0000000100000000)
  eden space 59904K, 60% used [0x00000000d6100000,0x00000000d84a7ee0,0x00000000d9b80000)
  from space 16384K, 0% used [0x00000000d9b80000,0x00000000d9b80000,0x00000000dab80000)
  to   space 16896K, 0% used [0x00000000dc600000,0x00000000dc600000,0x00000000dd680000)
 ParOldGen       total 57344K, used 11106K [0x0000000082200000, 0x0000000085a00000, 0x00000000d6100000)
  object space 57344K, 19% used [0x0000000082200000,0x0000000082cd8840,0x0000000085a00000)
 Metaspace       used 30433K, capacity 30932K, committed 31360K, reserved 1077248K
  class space    used 3802K, capacity 3966K, committed 3968K, reserved 1048576K
GC Heap History (10 events):
Event: 7.225 GC heap before
{Heap before GC invocations=11 (full 0):
 PSYoungGen      total 76288K, used 58923K [0x00000000d6100000, 0x00000000db600000, 0x0000000100000000)
  eden space 65536K, 73% used [0x00000000d6100000,0x00000000d900b120,0x00000000da100000)
  from space 10752K, 99% used [0x00000000dab80000,0x00000000db5ffe28,0x00000000db600000)
  to   space 10752K, 0% used [0x00000000da100000,0x00000000da100000,0x00000000dab80000)
 ParOldGen       total 86016K, used 26328K [0x0000000082200000, 0x0000000087600000, 0x00000000d6100000)
  object space 86016K, 30% used [0x0000000082200000,0x0000000083bb60f8,0x0000000087600000)
 Metaspace       used 20701K, capacity 21088K, committed 21248K, reserved 1069056K
  class space    used 2372K, capacity 2484K, committed 2560K, reserved 1048576K
Event: 7.233 GC heap after
Heap after GC invocations=11 (full 0):
 PSYoungGen      total 76288K, used 4220K [0x00000000d6100000, 0x00000000db600000, 0x0000000100000000)
  eden space 65536K, 0% used [0x00000000d6100000,0x00000000d6100000,0x00000000da100000)
  from space 10752K, 39% used [0x00000000da100000,0x00000000da51f0e8,0x00000000dab80000)
  to   space 10752K, 0% used [0x00000000dab80000,0x00000000dab80000,0x00000000db600000)
 ParOldGen       total 86016K, used 26984K [0x0000000082200000, 0x0000000087600000, 0x00000000d6100000)
  object space 86016K, 31% used [0x0000000082200000,0x0000000083c5a118,0x0000000087600000)
 Metaspace       used 20701K, capacity 21088K, committed 21248K, reserved 1069056K
  class space    used 2372K, capacity 2484K, committed 2560K, reserved 1048576K
}
Event: 7.233 GC heap before
{Heap before GC invocations=12 (full 1):
 PSYoungGen      total 76288K, used 4220K [0x00000000d6100000, 0x00000000db600000, 0x0000000100000000)
  eden space 65536K, 0% used [0x00000000d6100000,0x00000000d6100000,0x00000000da100000)
  from space 10752K, 39% used [0x00000000da100000,0x00000000da51f0e8,0x00000000dab80000)
  to   space 10752K, 0% used [0x00000000dab80000,0x00000000dab80000,0x00000000db600000)
 ParOldGen       total 86016K, used 26984K [0x0000000082200000, 0x0000000087600000, 0x00000000d6100000)
  object space 86016K, 31% used [0x0000000082200000,0x0000000083c5a118,0x0000000087600000)
 Metaspace       used 20701K, capacity 21088K, committed 21248K, reserved 1069056K
  class space    used 2372K, capacity 2484K, committed 2560K, reserved 1048576K
Event: 7.289 GC heap after
Heap after GC invocations=12 (full 1):
 PSYoungGen      total 76288K, used 0K [0x00000000d6100000, 0x00000000db600000, 0x0000000100000000)
  eden space 65536K, 0% used [0x00000000d6100000,0x00000000d6100000,0x00000000da100000)
  from space 10752K, 0% used [0x00000000da100000,0x00000000da100000,0x00000000dab80000)
  to   space 10752K, 0% used [0x00000000dab80000,0x00000000dab80000,0x00000000db600000)
 ParOldGen       total 57344K, used 10938K [0x0000000082200000, 0x0000000085a00000, 0x00000000d6100000)
  object space 57344K, 19% used [0x0000000082200000,0x0000000082caea68,0x0000000085a00000)
 Metaspace       used 20701K, capacity 21088K, committed 21248K, reserved 1069056K
  class space    used 2372K, capacity 2484K, committed 2560K, reserved 1048576K
}
Event: 8.142 GC heap before
{Heap before GC invocations=13 (full 1):
 PSYoungGen      total 76288K, used 65536K [0x00000000d6100000, 0x00000000db600000, 0x0000000100000000)
  eden space 65536K, 100% used [0x00000000d6100000,0x00000000da100000,0x00000000da100000)
  from space 10752K, 0% used [0x00000000da100000,0x00000000da100000,0x00000000dab80000)
  to   space 10752K, 0% used [0x00000000dab80000,0x00000000dab80000,0x00000000db600000)
 ParOldGen       total 57344K, used 10938K [0x0000000082200000, 0x0000000085a00000, 0x00000000d6100000)
  object space 57344K, 19% used [0x0000000082200000,0x0000000082caea68,0x0000000085a00000)
 Metaspace       used 24879K, capacity 25382K, committed 25600K, reserved 1071104K
  class space    used 2916K, capacity 3061K, committed 3072K, reserved 1048576K
Event: 8.148 GC heap after
Heap after GC invocations=13 (full 1):
 PSYoungGen      total 70656K, used 5106K [0x00000000d6100000, 0x00000000dde00000, 0x0000000100000000)
  eden space 59904K, 0% used [0x00000000d6100000,0x00000000d6100000,0x00000000d9b80000)
  from space 10752K, 47% used [0x00000000dab80000,0x00000000db07cb98,0x00000000db600000)
  to   space 16384K, 0% used [0x00000000d9b80000,0x00000000d9b80000,0x00000000dab80000)
 ParOldGen       total 57344K, used 10946K [0x0000000082200000, 0x0000000085a00000, 0x00000000d6100000)
  object space 57344K, 19% used [0x0000000082200000,0x0000000082cb0a68,0x0000000085a00000)
 Metaspace       used 24879K, capacity 25382K, committed 25600K, reserved 1071104K
  class space    used 2916K, capacity 3061K, committed 3072K, reserved 1048576K
}
Event: 8.543 GC heap before
{Heap before GC invocations=14 (full 1):
 PSYoungGen      total 70656K, used 40993K [0x00000000d6100000, 0x00000000dde00000, 0x0000000100000000)
  eden space 59904K, 59% used [0x00000000d6100000,0x00000000d840bb78,0x00000000d9b80000)
  from space 10752K, 47% used [0x00000000dab80000,0x00000000db07cb98,0x00000000db600000)
  to   space 16384K, 0% used [0x00000000d9b80000,0x00000000d9b80000,0x00000000dab80000)
 ParOldGen       total 57344K, used 10946K [0x0000000082200000, 0x0000000085a00000, 0x00000000d6100000)
  object space 57344K, 19% used [0x0000000082200000,0x0000000082cb0a68,0x0000000085a00000)
 Metaspace       used 26407K, capacity 26866K, committed 27008K, reserved 1077248K
  class space    used 3059K, capacity 3191K, committed 3200K, reserved 1048576K
Event: 8.548 GC heap after
Heap after GC invocations=14 (full 1):
 PSYoungGen      total 76288K, used 2099K [0x00000000d6100000, 0x00000000dd680000, 0x0000000100000000)
  eden space 59904K, 0% used [0x00000000d6100000,0x00000000d6100000,0x00000000d9b80000)
  from space 16384K, 12% used [0x00000000d9b80000,0x00000000d9d8cd48,0x00000000dab80000)
  to   space 16896K, 0% used [0x00000000dc600000,0x00000000dc600000,0x00000000dd680000)
 ParOldGen       total 57344K, used 12612K [0x0000000082200000, 0x0000000085a00000, 0x00000000d6100000)
  object space 57344K, 21% used [0x0000000082200000,0x0000000082e51098,0x0000000085a00000)
 Metaspace       used 26407K, capacity 26866K, committed 27008K, reserved 1077248K
  class space    used 3059K, capacity 3191K, committed 3200K, reserved 1048576K
}
Event: 8.548 GC heap before
{Heap before GC invocations=15 (full 2):
 PSYoungGen      total 76288K, used 2099K [0x00000000d6100000, 0x00000000dd680000, 0x0000000100000000)
  eden space 59904K, 0% used [0x00000000d6100000,0x00000000d6100000,0x00000000d9b80000)
  from space 16384K, 12% used [0x00000000d9b80000,0x00000000d9d8cd48,0x00000000dab80000)
  to   space 16896K, 0% used [0x00000000dc600000,0x00000000dc600000,0x00000000dd680000)
 ParOldGen       total 57344K, used 12612K [0x0000000082200000, 0x0000000085a00000, 0x00000000d6100000)
  object space 57344K, 21% used [0x0000000082200000,0x0000000082e51098,0x0000000085a00000)
 Metaspace       used 26407K, capacity 26866K, committed 27008K, reserved 1077248K
  class space    used 3059K, capacity 3191K, committed 3200K, reserved 1048576K
Event: 8.583 GC heap after
Heap after GC invocations=15 (full 2):
 PSYoungGen      total 76288K, used 0K [0x00000000d6100000, 0x00000000dd680000, 0x0000000100000000)
  eden space 59904K, 0% used [0x00000000d6100000,0x00000000d6100000,0x00000000d9b80000)
  from space 16384K, 0% used [0x00000000d9b80000,0x00000000d9b80000,0x00000000dab80000)
  to   space 16896K, 0% used [0x00000000dc600000,0x00000000dc600000,0x00000000dd680000)
 ParOldGen       total 57344K, used 11106K [0x0000000082200000, 0x0000000085a00000, 0x00000000d6100000)
  object space 57344K, 19% used [0x0000000082200000,0x0000000082cd8840,0x0000000085a00000)
 Metaspace       used 26407K, capacity 26866K, committed 27008K, reserved 1075200K
  class space    used 3059K, capacity 3191K, committed 3200K, reserved 1048576K
}

