# JRE version: Java(TM) SE Runtime Environment (8.0_221-b11) (build 1.8.0_221-b11)
# Java VM: Java HotSpot(TM) 64-Bit Server VM (25.221-b11 mixed mode windows-amd64 compressed oops)
Heap:
 PSYoungGen      total 37888K, used 37583K [0x00000000d6100000, 0x00000000d8b00000, 0x0000000100000000)
  eden space 32768K, 99% used [0x00000000d6100000,0x00000000d80b56b8,0x00000000d8100000)
  from space 5120K, 99% used [0x00000000d8100000,0x00000000d85fe5a8,0x00000000d8600000)
  to   space 5120K, 0% used [0x00000000d8600000,0x00000000d8600000,0x00000000d8b00000)
 ParOldGen       total 86016K, used 26568K [0x0000000082200000, 0x0000000087600000, 0x00000000d6100000)
  object space 86016K, 30% used [0x0000000082200000,0x0000000083bf2378,0x0000000087600000)
 Metaspace       used 17837K, capacity 18222K, committed 18560K, reserved 1064960K
  class space    used 2004K, capacity 2116K, committed 2176K, reserved 1048576K
GC Heap History (10 events):
Event: 4.655 GC heap before
{Heap before GC invocations=3 (full 0):
 PSYoungGen      total 37888K, used 37885K [0x00000000d6100000, 0x00000000d8b00000, 0x0000000100000000)
  eden space 32768K, 100% used [0x00000000d6100000,0x00000000d8100000,0x00000000d8100000)
  from space 5120K, 99% used [0x00000000d8600000,0x00000000d8aff6d0,0x00000000d8b00000)
  to   space 5120K, 0% used [0x00000000d8100000,0x00000000d8100000,0x00000000d8600000)
 ParOldGen       total 86016K, used 3856K [0x0000000082200000, 0x0000000087600000, 0x00000000d6100000)
  object space 86016K, 4% used [0x0000000082200000,0x00000000825c4120,0x0000000087600000)
 Metaspace       used 17654K, capacity 18030K, committed 18304K, reserved 1064960K
  class space    used 2000K, capacity 2116K, committed 2176K, reserved 1048576K
Event: 4.668 GC heap after
Heap after GC invocations=3 (full 0):
 PSYoungGen      total 37888K, used 5088K [0x00000000d6100000, 0x00000000d8b00000, 0x0000000100000000)
  eden space 32768K, 0% used [0x00000000d6100000,0x00000000d6100000,0x00000000d8100000)
  from space 5120K, 99% used [0x00000000d8100000,0x00000000d85f81e0,0x00000000d8600000)
  to   space 5120K, 0% used [0x00000000d8600000,0x00000000d8600000,0x00000000d8b00000)
 ParOldGen       total 86016K, used 6694K [0x0000000082200000, 0x0000000087600000, 0x00000000d6100000)
  object space 86016K, 7% used [0x0000000082200000,0x0000000082889ac0,0x0000000087600000)
 Metaspace       used 17654K, capacity 18030K, committed 18304K, reserved 1064960K
  class space    used 2000K, capacity 2116K, committed 2176K, reserved 1048576K
}
Event: 4.935 GC heap before
{Heap before GC invocations=4 (full 0):
 PSYoungGen      total 37888K, used 37856K [0x00000000d6100000, 0x00000000d8b00000, 0x0000000100000000)
  eden space 32768K, 100% used [0x00000000d6100000,0x00000000d8100000,0x00000000d8100000)
  from space 5120K, 99% used [0x00000000d8100000,0x00000000d85f81e0,0x00000000d8600000)
  to   space 5120K, 0% used [0x00000000d8600000,0x00000000d8600000,0x00000000d8b00000)
 ParOldGen       total 86016K, used 6694K [0x0000000082200000, 0x0000000087600000, 0x00000000d6100000)
  object space 86016K, 7% used [0x0000000082200000,0x0000000082889ac0,0x0000000087600000)
 Metaspace       used 17793K, capacity 18158K, committed 18304K, reserved 1064960K
  class space    used 2004K, capacity 2116K, committed 2176K, reserved 1048576K
Event: 4.944 GC heap after
Heap after GC invocations=4 (full 0):
 PSYoungGen      total 37888K, used 5110K [0x00000000d6100000, 0x00000000d8b00000, 0x0000000100000000)
  eden space 32768K, 0% used [0x00000000d6100000,0x00000000d6100000,0x00000000d8100000)
  from space 5120K, 99% used [0x00000000d8600000,0x00000000d8afd9e0,0x00000000d8b00000)
  to   space 5120K, 0% used [0x00000000d8100000,0x00000000d8100000,0x00000000d8600000)
 ParOldGen       total 86016K, used 11712K [0x0000000082200000, 0x0000000087600000, 0x00000000d6100000)
  object space 86016K, 13% used [0x0000000082200000,0x0000000082d702b0,0x0000000087600000)
 Metaspace       used 17793K, capacity 18158K, committed 18304K, reserved 1064960K
  class space    used 2004K, capacity 2116K, committed 2176K, reserved 1048576K
}
Event: 5.074 GC heap before
{Heap before GC invocations=5 (full 0):
 PSYoungGen      total 37888K, used 37878K [0x00000000d6100000, 0x00000000d8b00000, 0x0000000100000000)
  eden space 32768K, 100% used [0x00000000d6100000,0x00000000d8100000,0x00000000d8100000)
  from space 5120K, 99% used [0x00000000d8600000,0x00000000d8afd9e0,0x00000000d8b00000)
  to   space 5120K, 0% used [0x00000000d8100000,0x00000000d8100000,0x00000000d8600000)
 ParOldGen       total 86016K, used 11712K [0x0000000082200000, 0x0000000087600000, 0x00000000d6100000)
  object space 86016K, 13% used [0x0000000082200000,0x0000000082d702b0,0x0000000087600000)
 Metaspace       used 17797K, capacity 18158K, committed 18304K, reserved 1064960K
  class space    used 2004K, capacity 2116K, committed 2176K, reserved 1048576K
Event: 5.084 GC heap after
Heap after GC invocations=5 (full 0):
 PSYoungGen      total 37888K, used 5094K [0x00000000d6100000, 0x00000000d8b00000, 0x0000000100000000)
  eden space 32768K, 0% used [0x00000000d6100000,0x00000000d6100000,0x00000000d8100000)
  from space 5120K, 99% used [0x00000000d8100000,0x00000000d85f99d0,0x00000000d8600000)
  to   space 5120K, 0% used [0x00000000d8600000,0x00000000d8600000,0x00000000d8b00000)
 ParOldGen       total 86016K, used 17541K [0x0000000082200000, 0x0000000087600000, 0x00000000d6100000)
  object space 86016K, 20% used [0x0000000082200000,0x0000000083321708,0x0000000087600000)
 Metaspace       used 17797K, capacity 18158K, committed 18304K, reserved 1064960K
  class space    used 2004K, capacity 2116K, committed 2176K, reserved 1048576K
}
Event: 5.226 GC heap before
{Heap before GC invocations=6 (full 0):
 PSYoungGen      total 37888K, used 37862K [0x00000000d6100000, 0x00000000d8b00000, 0x0000000100000000)
  eden space 32768K, 100% used [0x00000000d6100000,0x00000000d8100000,0x00000000d8100000)
  from space 5120K, 99% used [0x00000000d8100000,0x00000000d85f99d0,0x00000000d8600000)
  to   space 5120K, 0% used [0x00000000d8600000,0x00000000d8600000,0x00000000d8b00000)
 ParOldGen       total 86016K, used 17541K [0x0000000082200000, 0x0000000087600000, 0x00000000d6100000)
  object space 86016K, 20% used [0x0000000082200000,0x0000000083321708,0x0000000087600000)
 Metaspace       used 17809K, capacity 18158K, committed 18304K, reserved 1064960K
  class space    used 2004K, capacity 2116K, committed 2176K, reserved 1048576K
Event: 5.236 GC heap after
Heap after GC invocations=6 (full 0):
 PSYoungGen      total 37888K, used 5090K [0x00000000d6100000, 0x00000000d8b00000, 0x0000000100000000)
  eden space 32768K, 0% used [0x00000000d6100000,0x00000000d6100000,0x00000000d8100000)
  from space 5120K, 99% used [0x00000000d8600000,0x00000000d8af88d0,0x00000000d8b00000)
  to   space 5120K, 0% used [0x00000000d8100000,0x00000000d8100000,0x00000000d8600000)
 ParOldGen       total 86016K, used 22189K [0x0000000082200000, 0x0000000087600000, 0x00000000d6100000)
  object space 86016K, 25% used [0x0000000082200000,0x00000000837ab510,0x0000000087600000)
 Metaspace       used 17809K, capacity 18158K, committed 18304K, reserved 1064960K
  class space    used 2004K, capacity 2116K, committed 2176K, reserved 1048576K
}
Event: 5.388 GC heap before
{Heap before GC invocations=7 (full 0):
 PSYoungGen      total 37888K, used 37858K [0x00000000d6100000, 0x00000000d8b00000, 0x0000000100000000)
  eden space 32768K, 100% used [0x00000000d6100000,0x00000000d8100000,0x00000000d8100000)
  from space 5120K, 99% used [0x00000000d8600000,0x00000000d8af88d0,0x00000000d8b00000)
  to   space 5120K, 0% used [0x00000000d8100000,0x00000000d8100000,0x00000000d8600000)
 ParOldGen       total 86016K, used 22189K [0x0000000082200000, 0x0000000087600000, 0x00000000d6100000)
  object space 86016K, 25% used [0x0000000082200000,0x00000000837ab510,0x0000000087600000)
 Metaspace       used 17826K, capacity 18222K, committed 18560K, reserved 1064960K
  class space    used 2004K, capacity 2116K, committed 2176K, reserved 1048576K
Event: 5.400 GC heap after
Heap after GC invocations=7 (full 0):
 PSYoungGen      total 37888K, used 5113K [0x00000000d6100000, 0x00000000d8b00000, 0x0000000100000000)
  eden space 32768K, 0% used [0x00000000d6100000,0x00000000d6100000,0x00000000d8100000)
  from space 5120K, 99% used [0x00000000d8100000,0x00000000d85fe5a8,0x00000000d8600000)
  to   space 5120K, 0% used [0x00000000d8600000,0x00000000d8600000,0x00000000d8b00000)
 ParOldGen       total 86016K, used 26568K [0x0000000082200000, 0x0000000087600000, 0x00000000d6100000)
  object space 86016K, 30% used [0x0000000082200000,0x0000000083bf2378,0x0000000087600000)
 Metaspace       used 17826K, capacity 18222K, committed 18560K, reserved 1064960K
  class space    used 2004K, capacity 2116K, committed 2176K, reserved 1048576K
}

