# JRE version: Java(TM) SE Runtime Environment (8.0_221-b11) (build 1.8.0_221-b11)
# Java VM: Java HotSpot(TM) 64-Bit Server VM (25.221-b11 mixed mode windows-amd64 compressed oops)
Heap:
 PSYoungGen      total 75776K, used 54717K [0x00000000d6100000, 0x00000000db700000, 0x0000000100000000)
  eden space 64512K, 68% used [0x00000000d6100000,0x00000000d8bfaf08,0x00000000da000000)
  from space 11264K, 95% used [0x00000000da000000,0x00000000daa74658,0x00000000dab00000)
  to   space 10240K, 0% used [0x00000000dab00000,0x00000000dab00000,0x00000000db500000)
 ParOldGen       total 86016K, used 18549K [0x0000000082200000, 0x0000000087600000, 0x00000000d6100000)
  object space 86016K, 21% used [0x0000000082200000,0x000000008341d418,0x0000000087600000)
 Metaspace       used 17906K, capacity 18354K, committed 18560K, reserved 1064960K
  class space    used 2003K, capacity 2116K, committed 2176K, reserved 1048576K
GC Heap History (10 events):
Event: 4.284 GC heap before
{Heap before GC invocations=3 (full 0):
 PSYoungGen      total 37888K, used 37867K [0x00000000d6100000, 0x00000000d8b00000, 0x0000000100000000)
  eden space 32768K, 100% used [0x00000000d6100000,0x00000000d8100000,0x00000000d8100000)
  from space 5120K, 99% used [0x00000000d8600000,0x00000000d8afaf10,0x00000000d8b00000)
  to   space 5120K, 0% used [0x00000000d8100000,0x00000000d8100000,0x00000000d8600000)
 ParOldGen       total 86016K, used 3928K [0x0000000082200000, 0x0000000087600000, 0x00000000d6100000)
  object space 86016K, 4% used [0x0000000082200000,0x00000000825d6288,0x0000000087600000)
 Metaspace       used 17708K, capacity 18098K, committed 18304K, reserved 1064960K
  class space    used 1999K, capacity 2116K, committed 2176K, reserved 1048576K
Event: 4.295 GC heap after
Heap after GC invocations=3 (full 0):
 PSYoungGen      total 37888K, used 5109K [0x00000000d6100000, 0x00000000d8b00000, 0x0000000100000000)
  eden space 32768K, 0% used [0x00000000d6100000,0x00000000d6100000,0x00000000d8100000)
  from space 5120K, 99% used [0x00000000d8100000,0x00000000d85fd4b8,0x00000000d8600000)
  to   space 5120K, 0% used [0x00000000d8600000,0x00000000d8600000,0x00000000d8b00000)
 ParOldGen       total 86016K, used 6307K [0x0000000082200000, 0x0000000087600000, 0x00000000d6100000)
  object space 86016K, 7% used [0x0000000082200000,0x0000000082828fb0,0x0000000087600000)
 Metaspace       used 17708K, capacity 18098K, committed 18304K, reserved 1064960K
  class space    used 1999K, capacity 2116K, committed 2176K, reserved 1048576K
}
Event: 4.573 GC heap before
{Heap before GC invocations=4 (full 0):
 PSYoungGen      total 37888K, used 37877K [0x00000000d6100000, 0x00000000d8b00000, 0x0000000100000000)
  eden space 32768K, 100% used [0x00000000d6100000,0x00000000d8100000,0x00000000d8100000)
  from space 5120K, 99% used [0x00000000d8100000,0x00000000d85fd4b8,0x00000000d8600000)
  to   space 5120K, 0% used [0x00000000d8600000,0x00000000d8600000,0x00000000d8b00000)
 ParOldGen       total 86016K, used 6307K [0x0000000082200000, 0x0000000087600000, 0x00000000d6100000)
  object space 86016K, 7% used [0x0000000082200000,0x0000000082828fb0,0x0000000087600000)
 Metaspace       used 17830K, capacity 18226K, committed 18560K, reserved 1064960K
  class space    used 2003K, capacity 2116K, committed 2176K, reserved 1048576K
Event: 4.586 GC heap after
Heap after GC invocations=4 (full 0):
 PSYoungGen      total 37888K, used 5109K [0x00000000d6100000, 0x00000000dab00000, 0x0000000100000000)
  eden space 32768K, 0% used [0x00000000d6100000,0x00000000d6100000,0x00000000d8100000)
  from space 5120K, 99% used [0x00000000d8600000,0x00000000d8afd4d8,0x00000000d8b00000)
  to   space 5120K, 0% used [0x00000000d8100000,0x00000000d8100000,0x00000000d8600000)
 ParOldGen       total 86016K, used 10087K [0x0000000082200000, 0x0000000087600000, 0x00000000d6100000)
  object space 86016K, 11% used [0x0000000082200000,0x0000000082bd9e40,0x0000000087600000)
 Metaspace       used 17830K, capacity 18226K, committed 18560K, reserved 1064960K
  class space    used 2003K, capacity 2116K, committed 2176K, reserved 1048576K
}
Event: 4.817 GC heap before
{Heap before GC invocations=5 (full 0):
 PSYoungGen      total 37888K, used 37877K [0x00000000d6100000, 0x00000000dab00000, 0x0000000100000000)
  eden space 32768K, 100% used [0x00000000d6100000,0x00000000d8100000,0x00000000d8100000)
  from space 5120K, 99% used [0x00000000d8600000,0x00000000d8afd4d8,0x00000000d8b00000)
  to   space 5120K, 0% used [0x00000000d8100000,0x00000000d8100000,0x00000000d8600000)
 ParOldGen       total 86016K, used 10087K [0x0000000082200000, 0x0000000087600000, 0x00000000d6100000)
  object space 86016K, 11% used [0x0000000082200000,0x0000000082bd9e40,0x0000000087600000)
 Metaspace       used 17874K, capacity 18226K, committed 18560K, reserved 1064960K
  class space    used 2003K, capacity 2116K, committed 2176K, reserved 1048576K
Event: 4.829 GC heap after
Heap after GC invocations=5 (full 0):
 PSYoungGen      total 37888K, used 5109K [0x00000000d6100000, 0x00000000db500000, 0x0000000100000000)
  eden space 32768K, 0% used [0x00000000d6100000,0x00000000d6100000,0x00000000d8100000)
  from space 5120K, 99% used [0x00000000d8100000,0x00000000d85fd4b8,0x00000000d8600000)
  to   space 10240K, 0% used [0x00000000dab00000,0x00000000dab00000,0x00000000db500000)
 ParOldGen       total 86016K, used 14886K [0x0000000082200000, 0x0000000087600000, 0x00000000d6100000)
  object space 86016K, 17% used [0x0000000082200000,0x0000000083089a18,0x0000000087600000)
 Metaspace       used 17874K, capacity 18226K, committed 18560K, reserved 1064960K
  class space    used 2003K, capacity 2116K, committed 2176K, reserved 1048576K
}
Event: 4.993 GC heap before
{Heap before GC invocations=6 (full 0):
 PSYoungGen      total 37888K, used 37877K [0x00000000d6100000, 0x00000000db500000, 0x0000000100000000)
  eden space 32768K, 100% used [0x00000000d6100000,0x00000000d8100000,0x00000000d8100000)
  from space 5120K, 99% used [0x00000000d8100000,0x00000000d85fd4b8,0x00000000d8600000)
  to   space 10240K, 0% used [0x00000000dab00000,0x00000000dab00000,0x00000000db500000)
 ParOldGen       total 86016K, used 14886K [0x0000000082200000, 0x0000000087600000, 0x00000000d6100000)
  object space 86016K, 17% used [0x0000000082200000,0x0000000083089a18,0x0000000087600000)
 Metaspace       used 17887K, capacity 18226K, committed 18560K, reserved 1064960K
  class space    used 2003K, capacity 2116K, committed 2176K, reserved 1048576K
Event: 5.005 GC heap after
Heap after GC invocations=6 (full 0):
 PSYoungGen      total 74752K, used 10220K [0x00000000d6100000, 0x00000000db700000, 0x0000000100000000)
  eden space 64512K, 0% used [0x00000000d6100000,0x00000000d6100000,0x00000000da000000)
  from space 10240K, 99% used [0x00000000dab00000,0x00000000db4fb0b8,0x00000000db500000)
  to   space 11264K, 0% used [0x00000000da000000,0x00000000da000000,0x00000000dab00000)
 ParOldGen       total 86016K, used 15065K [0x0000000082200000, 0x0000000087600000, 0x00000000d6100000)
  object space 86016K, 17% used [0x0000000082200000,0x00000000830b6408,0x0000000087600000)
 Metaspace       used 17887K, capacity 18226K, committed 18560K, reserved 1064960K
  class space    used 2003K, capacity 2116K, committed 2176K, reserved 1048576K
}
Event: 5.352 GC heap before
{Heap before GC invocations=7 (full 0):
 PSYoungGen      total 74752K, used 74732K [0x00000000d6100000, 0x00000000db700000, 0x0000000100000000)
  eden space 64512K, 100% used [0x00000000d6100000,0x00000000da000000,0x00000000da000000)
  from space 10240K, 99% used [0x00000000dab00000,0x00000000db4fb0b8,0x00000000db500000)
  to   space 11264K, 0% used [0x00000000da000000,0x00000000da000000,0x00000000dab00000)
 ParOldGen       total 86016K, used 15065K [0x0000000082200000, 0x0000000087600000, 0x00000000d6100000)
  object space 86016K, 17% used [0x0000000082200000,0x00000000830b6408,0x0000000087600000)
 Metaspace       used 17897K, capacity 18354K, committed 18560K, reserved 1064960K
  class space    used 2003K, capacity 2116K, committed 2176K, reserved 1048576K
Event: 5.368 GC heap after
Heap after GC invocations=7 (full 0):
 PSYoungGen      total 75776K, used 10705K [0x00000000d6100000, 0x00000000db700000, 0x0000000100000000)
  eden space 64512K, 0% used [0x00000000d6100000,0x00000000d6100000,0x00000000da000000)
  from space 11264K, 95% used [0x00000000da000000,0x00000000daa74658,0x00000000dab00000)
  to   space 10240K, 0% used [0x00000000dab00000,0x00000000dab00000,0x00000000db500000)
 ParOldGen       total 86016K, used 18549K [0x0000000082200000, 0x0000000087600000, 0x00000000d6100000)
  object space 86016K, 21% used [0x0000000082200000,0x000000008341d418,0x0000000087600000)
 Metaspace       used 17897K, capacity 18354K, committed 18560K, reserved 1064960K
  class space    used 2003K, capacity 2116K, committed 2176K, reserved 1048576K
}

