# JRE version: Java(TM) SE Runtime Environment (8.0_221-b11) (build 1.8.0_221-b11)
# Java VM: Java HotSpot(TM) 64-Bit Server VM (25.221-b11 mixed mode windows-amd64 compressed oops)
Heap:
 PSYoungGen      total 76288K, used 35260K [0x00000000d6100000, 0x00000000df800000, 0x0000000100000000)
  eden space 64512K, 37% used [0x00000000d6100000,0x00000000d78659a8,0x00000000da000000)
  from space 11776K, 95% used [0x00000000da000000,0x00000000dab09708,0x00000000dab80000)
  to   space 12800K, 0% used [0x00000000deb80000,0x00000000deb80000,0x00000000df800000)
 ParOldGen       total 86016K, used 19275K [0x0000000082200000, 0x0000000087600000, 0x00000000d6100000)
  object space 86016K, 22% used [0x0000000082200000,0x00000000834d2d88,0x0000000087600000)
 Metaspace       used 17856K, capacity 18310K, committed 18560K, reserved 1064960K
  class space    used 2007K, capacity 2119K, committed 2176K, reserved 1048576K
GC Heap History (10 events):
Event: 4.806 GC heap before
{Heap before GC invocations=3 (full 0):
 PSYoungGen      total 37888K, used 37884K [0x00000000d6100000, 0x00000000d8b00000, 0x0000000100000000)
  eden space 32768K, 100% used [0x00000000d6100000,0x00000000d8100000,0x00000000d8100000)
  from space 5120K, 99% used [0x00000000d8600000,0x00000000d8aff0a0,0x00000000d8b00000)
  to   space 5120K, 0% used [0x00000000d8100000,0x00000000d8100000,0x00000000d8600000)
 ParOldGen       total 86016K, used 3849K [0x0000000082200000, 0x0000000087600000, 0x00000000d6100000)
  object space 86016K, 4% used [0x0000000082200000,0x00000000825c24b8,0x0000000087600000)
 Metaspace       used 17674K, capacity 18040K, committed 18304K, reserved 1064960K
  class space    used 2004K, capacity 2117K, committed 2176K, reserved 1048576K
Event: 4.815 GC heap after
Heap after GC invocations=3 (full 0):
 PSYoungGen      total 37888K, used 5093K [0x00000000d6100000, 0x00000000d8b00000, 0x0000000100000000)
  eden space 32768K, 0% used [0x00000000d6100000,0x00000000d6100000,0x00000000d8100000)
  from space 5120K, 99% used [0x00000000d8100000,0x00000000d85f94c8,0x00000000d8600000)
  to   space 5120K, 0% used [0x00000000d8600000,0x00000000d8600000,0x00000000d8b00000)
 ParOldGen       total 86016K, used 6360K [0x0000000082200000, 0x0000000087600000, 0x00000000d6100000)
  object space 86016K, 7% used [0x0000000082200000,0x0000000082836270,0x0000000087600000)
 Metaspace       used 17674K, capacity 18040K, committed 18304K, reserved 1064960K
  class space    used 2004K, capacity 2117K, committed 2176K, reserved 1048576K
}
Event: 5.072 GC heap before
{Heap before GC invocations=4 (full 0):
 PSYoungGen      total 37888K, used 37861K [0x00000000d6100000, 0x00000000d8b00000, 0x0000000100000000)
  eden space 32768K, 100% used [0x00000000d6100000,0x00000000d8100000,0x00000000d8100000)
  from space 5120K, 99% used [0x00000000d8100000,0x00000000d85f94c8,0x00000000d8600000)
  to   space 5120K, 0% used [0x00000000d8600000,0x00000000d8600000,0x00000000d8b00000)
 ParOldGen       total 86016K, used 6360K [0x0000000082200000, 0x0000000087600000, 0x00000000d6100000)
  object space 86016K, 7% used [0x0000000082200000,0x0000000082836270,0x0000000087600000)
 Metaspace       used 17791K, capacity 18168K, committed 18304K, reserved 1064960K
  class space    used 2004K, capacity 2117K, committed 2176K, reserved 1048576K
Event: 5.082 GC heap after
Heap after GC invocations=4 (full 0):
 PSYoungGen      total 37888K, used 5102K [0x00000000d6100000, 0x00000000dab00000, 0x0000000100000000)
  eden space 32768K, 0% used [0x00000000d6100000,0x00000000d6100000,0x00000000d8100000)
  from space 5120K, 99% used [0x00000000d8600000,0x00000000d8afbb48,0x00000000d8b00000)
  to   space 5120K, 0% used [0x00000000d8100000,0x00000000d8100000,0x00000000d8600000)
 ParOldGen       total 86016K, used 10038K [0x0000000082200000, 0x0000000087600000, 0x00000000d6100000)
  object space 86016K, 11% used [0x0000000082200000,0x0000000082bcdb20,0x0000000087600000)
 Metaspace       used 17791K, capacity 18168K, committed 18304K, reserved 1064960K
  class space    used 2004K, capacity 2117K, committed 2176K, reserved 1048576K
}
Event: 5.271 GC heap before
{Heap before GC invocations=5 (full 0):
 PSYoungGen      total 37888K, used 37870K [0x00000000d6100000, 0x00000000dab00000, 0x0000000100000000)
  eden space 32768K, 100% used [0x00000000d6100000,0x00000000d8100000,0x00000000d8100000)
  from space 5120K, 99% used [0x00000000d8600000,0x00000000d8afbb48,0x00000000d8b00000)
  to   space 5120K, 0% used [0x00000000d8100000,0x00000000d8100000,0x00000000d8600000)
 ParOldGen       total 86016K, used 10038K [0x0000000082200000, 0x0000000087600000, 0x00000000d6100000)
  object space 86016K, 11% used [0x0000000082200000,0x0000000082bcdb20,0x0000000087600000)
 Metaspace       used 17803K, capacity 18168K, committed 18304K, reserved 1064960K
  class space    used 2004K, capacity 2117K, committed 2176K, reserved 1048576K
Event: 5.281 GC heap after
Heap after GC invocations=5 (full 0):
 PSYoungGen      total 37888K, used 5088K [0x00000000d6100000, 0x00000000db600000, 0x0000000100000000)
  eden space 32768K, 0% used [0x00000000d6100000,0x00000000d6100000,0x00000000d8100000)
  from space 5120K, 99% used [0x00000000d8100000,0x00000000d85f83e8,0x00000000d8600000)
  to   space 10752K, 0% used [0x00000000dab80000,0x00000000dab80000,0x00000000db600000)
 ParOldGen       total 86016K, used 15485K [0x0000000082200000, 0x0000000087600000, 0x00000000d6100000)
  object space 86016K, 18% used [0x0000000082200000,0x000000008311f4e8,0x0000000087600000)
 Metaspace       used 17803K, capacity 18168K, committed 18304K, reserved 1064960K
  class space    used 2004K, capacity 2117K, committed 2176K, reserved 1048576K
}
Event: 5.401 GC heap before
{Heap before GC invocations=6 (full 0):
 PSYoungGen      total 37888K, used 37856K [0x00000000d6100000, 0x00000000db600000, 0x0000000100000000)
  eden space 32768K, 100% used [0x00000000d6100000,0x00000000d8100000,0x00000000d8100000)
  from space 5120K, 99% used [0x00000000d8100000,0x00000000d85f83e8,0x00000000d8600000)
  to   space 10752K, 0% used [0x00000000dab80000,0x00000000dab80000,0x00000000db600000)
 ParOldGen       total 86016K, used 15485K [0x0000000082200000, 0x0000000087600000, 0x00000000d6100000)
  object space 86016K, 18% used [0x0000000082200000,0x000000008311f4e8,0x0000000087600000)
 Metaspace       used 17808K, capacity 18168K, committed 18304K, reserved 1064960K
  class space    used 2004K, capacity 2117K, committed 2176K, reserved 1048576K
Event: 5.414 GC heap after
Heap after GC invocations=6 (full 0):
 PSYoungGen      total 75264K, used 10747K [0x00000000d6100000, 0x00000000db800000, 0x0000000100000000)
  eden space 64512K, 0% used [0x00000000d6100000,0x00000000d6100000,0x00000000da000000)
  from space 10752K, 99% used [0x00000000dab80000,0x00000000db5fefc0,0x00000000db600000)
  to   space 11776K, 0% used [0x00000000da000000,0x00000000da000000,0x00000000dab80000)
 ParOldGen       total 86016K, used 15675K [0x0000000082200000, 0x0000000087600000, 0x00000000d6100000)
  object space 86016K, 18% used [0x0000000082200000,0x000000008314ed10,0x0000000087600000)
 Metaspace       used 17808K, capacity 18168K, committed 18304K, reserved 1064960K
  class space    used 2004K, capacity 2117K, committed 2176K, reserved 1048576K
}
Event: 5.772 GC heap before
{Heap before GC invocations=7 (full 0):
 PSYoungGen      total 75264K, used 75259K [0x00000000d6100000, 0x00000000db800000, 0x0000000100000000)
  eden space 64512K, 100% used [0x00000000d6100000,0x00000000da000000,0x00000000da000000)
  from space 10752K, 99% used [0x00000000dab80000,0x00000000db5fefc0,0x00000000db600000)
  to   space 11776K, 0% used [0x00000000da000000,0x00000000da000000,0x00000000dab80000)
 ParOldGen       total 86016K, used 15675K [0x0000000082200000, 0x0000000087600000, 0x00000000d6100000)
  object space 86016K, 18% used [0x0000000082200000,0x000000008314ed10,0x0000000087600000)
 Metaspace       used 17838K, capacity 18232K, committed 18560K, reserved 1064960K
  class space    used 2004K, capacity 2117K, committed 2176K, reserved 1048576K
Event: 5.789 GC heap after
Heap after GC invocations=7 (full 0):
 PSYoungGen      total 76288K, used 11301K [0x00000000d6100000, 0x00000000df800000, 0x0000000100000000)
  eden space 64512K, 0% used [0x00000000d6100000,0x00000000d6100000,0x00000000da000000)
  from space 11776K, 95% used [0x00000000da000000,0x00000000dab09708,0x00000000dab80000)
  to   space 12800K, 0% used [0x00000000deb80000,0x00000000deb80000,0x00000000df800000)
 ParOldGen       total 86016K, used 19275K [0x0000000082200000, 0x0000000087600000, 0x00000000d6100000)
  object space 86016K, 22% used [0x0000000082200000,0x00000000834d2d88,0x0000000087600000)
 Metaspace       used 17838K, capacity 18232K, committed 18560K, reserved 1064960K
  class space    used 2004K, capacity 2117K, committed 2176K, reserved 1048576K
}

